# JRE version: OpenJDK Runtime Environment (8.0_242-b01) (build 1.8.0_242-release-1644-b01)
# Java VM: OpenJDK 64-Bit Server VM (25.242-b01 mixed mode windows-amd64 compressed oops)
Heap:
 PSYoungGen      total 138240K, used 108688K [0x00000000d5f80000, 0x00000000dfb80000, 0x0000000100000000)
  eden space 116736K, 74% used [0x00000000d5f80000,0x00000000db4aa508,0x00000000dd180000)
  from space 21504K, 99% used [0x00000000de680000,0x00000000dfb79cf8,0x00000000dfb80000)
  to   space 5120K, 0% used [0x00000000de180000,0x00000000de180000,0x00000000de680000)
 ParOldGen       total 141312K, used 37203K [0x0000000081e00000, 0x000000008a800000, 0x00000000d5f80000)
  object space 141312K, 26% used [0x0000000081e00000,0x0000000084254de0,0x000000008a800000)
 Metaspace       used 51224K, capacity 52164K, committed 52440K, reserved 1095680K
  class space    used 6148K, capacity 6392K, committed 6400K, reserved 1048576K
GC Heap History (10 events):
Event: 2.033 GC heap before
{Heap before GC invocations=4 (full 1):
 PSYoungGen      total 71680K, used 5096K [0x00000000d5f80000, 0x00000000deb80000, 0x0000000100000000)
  eden space 66560K, 0% used [0x00000000d5f80000,0x00000000d5f80000,0x00000000da080000)
  from space 5120K, 99% used [0x00000000da080000,0x00000000da57a2e8,0x00000000da580000)
  to   space 5120K, 0% used [0x00000000de680000,0x00000000de680000,0x00000000deb80000)
 ParOldGen       total 87552K, used 24792K [0x0000000081e00000, 0x0000000087380000, 0x00000000d5f80000)
  object space 87552K, 28% used [0x0000000081e00000,0x0000000083636230,0x0000000087380000)
 Metaspace       used 20752K, capacity 21182K, committed 21248K, reserved 1069056K
  class space    used 2367K, capacity 2527K, committed 2560K, reserved 1048576K
Event: 2.144 GC heap after
Heap after GC invocations=4 (full 1):
 PSYoungGen      total 71680K, used 0K [0x00000000d5f80000, 0x00000000deb80000, 0x0000000100000000)
  eden space 66560K, 0% used [0x00000000d5f80000,0x00000000d5f80000,0x00000000da080000)
  from space 5120K, 0% used [0x00000000da080000,0x00000000da080000,0x00000000da580000)
  to   space 5120K, 0% used [0x00000000de680000,0x00000000de680000,0x00000000deb80000)
 ParOldGen       total 95232K, used 22145K [0x0000000081e00000, 0x0000000087b00000, 0x00000000d5f80000)
  object space 95232K, 23% used [0x0000000081e00000,0x00000000833a06f8,0x0000000087b00000)
 Metaspace       used 20752K, capacity 21182K, committed 21248K, reserved 1069056K
  class space    used 2367K, capacity 2527K, committed 2560K, reserved 1048576K
}
Event: 3.829 GC heap before
{Heap before GC invocations=5 (full 1):
 PSYoungGen      total 71680K, used 66560K [0x00000000d5f80000, 0x00000000deb80000, 0x0000000100000000)
  eden space 66560K, 100% used [0x00000000d5f80000,0x00000000da080000,0x00000000da080000)
  from space 5120K, 0% used [0x00000000da080000,0x00000000da080000,0x00000000da580000)
  to   space 5120K, 0% used [0x00000000de680000,0x00000000de680000,0x00000000deb80000)
 ParOldGen       total 95232K, used 22145K [0x0000000081e00000, 0x0000000087b00000, 0x00000000d5f80000)
  object space 95232K, 23% used [0x0000000081e00000,0x00000000833a06f8,0x0000000087b00000)
 Metaspace       used 30321K, capacity 30858K, committed 31104K, reserved 1077248K
  class space    used 3771K, capacity 3928K, committed 3968K, reserved 1048576K
Event: 3.849 GC heap after
Heap after GC invocations=5 (full 1):
 PSYoungGen      total 93184K, used 5111K [0x00000000d5f80000, 0x00000000deb80000, 0x0000000100000000)
  eden space 88064K, 0% used [0x00000000d5f80000,0x00000000d5f80000,0x00000000db580000)
  from space 5120K, 99% used [0x00000000de680000,0x00000000deb7dc60,0x00000000deb80000)
  to   space 5120K, 0% used [0x00000000de180000,0x00000000de180000,0x00000000de680000)
 ParOldGen       total 95232K, used 32745K [0x0000000081e00000, 0x0000000087b00000, 0x00000000d5f80000)
  object space 95232K, 34% used [0x0000000081e00000,0x0000000083dfa410,0x0000000087b00000)
 Metaspace       used 30321K, capacity 30858K, committed 31104K, reserved 1077248K
  class space    used 3771K, capacity 3928K, committed 3968K, reserved 1048576K
}
Event: 4.353 GC heap before
{Heap before GC invocations=6 (full 1):
 PSYoungGen      total 93184K, used 32708K [0x00000000d5f80000, 0x00000000deb80000, 0x0000000100000000)
  eden space 88064K, 31% used [0x00000000d5f80000,0x00000000d7a73568,0x00000000db580000)
  from space 5120K, 99% used [0x00000000de680000,0x00000000deb7dc60,0x00000000deb80000)
  to   space 5120K, 0% used [0x00000000de180000,0x00000000de180000,0x00000000de680000)
 ParOldGen       total 95232K, used 32745K [0x0000000081e00000, 0x0000000087b00000, 0x00000000d5f80000)
  object space 95232K, 34% used [0x0000000081e00000,0x0000000083dfa410,0x0000000087b00000)
 Metaspace       used 34574K, capacity 35138K, committed 35416K, reserved 1081344K
  class space    used 4308K, capacity 4476K, committed 4480K, reserved 1048576K
Event: 4.365 GC heap after
Heap after GC invocations=6 (full 1):
 PSYoungGen      total 121856K, used 5111K [0x00000000d5f80000, 0x00000000dfb80000, 0x0000000100000000)
  eden space 116736K, 0% used [0x00000000d5f80000,0x00000000d5f80000,0x00000000dd180000)
  from space 5120K, 99% used [0x00000000de180000,0x00000000de67dc60,0x00000000de680000)
  to   space 21504K, 0% used [0x00000000de680000,0x00000000de680000,0x00000000dfb80000)
 ParOldGen       total 95232K, used 40233K [0x0000000081e00000, 0x0000000087b00000, 0x00000000d5f80000)
  object space 95232K, 42% used [0x0000000081e00000,0x000000008454a5b8,0x0000000087b00000)
 Metaspace       used 34574K, capacity 35138K, committed 35416K, reserved 1081344K
  class space    used 4308K, capacity 4476K, committed 4480K, reserved 1048576K
}
Event: 4.365 GC heap before
{Heap before GC invocations=7 (full 2):
 PSYoungGen      total 121856K, used 5111K [0x00000000d5f80000, 0x00000000dfb80000, 0x0000000100000000)
  eden space 116736K, 0% used [0x00000000d5f80000,0x00000000d5f80000,0x00000000dd180000)
  from space 5120K, 99% used [0x00000000de180000,0x00000000de67dc60,0x00000000de680000)
  to   space 21504K, 0% used [0x00000000de680000,0x00000000de680000,0x00000000dfb80000)
 ParOldGen       total 95232K, used 40233K [0x0000000081e00000, 0x0000000087b00000, 0x00000000d5f80000)
  object space 95232K, 42% used [0x0000000081e00000,0x000000008454a5b8,0x0000000087b00000)
 Metaspace       used 34574K, capacity 35138K, committed 35416K, reserved 1081344K
  class space    used 4308K, capacity 4476K, committed 4480K, reserved 1048576K
Event: 4.466 GC heap after
Heap after GC invocations=7 (full 2):
 PSYoungGen      total 121856K, used 0K [0x00000000d5f80000, 0x00000000dfb80000, 0x0000000100000000)
  eden space 116736K, 0% used [0x00000000d5f80000,0x00000000d5f80000,0x00000000dd180000)
  from space 5120K, 0% used [0x00000000de180000,0x00000000de180000,0x00000000de680000)
  to   space 21504K, 0% used [0x00000000de680000,0x00000000de680000,0x00000000dfb80000)
 ParOldGen       total 141312K, used 33737K [0x0000000081e00000, 0x000000008a800000, 0x00000000d5f80000)
  object space 141312K, 23% used [0x0000000081e00000,0x0000000083ef2610,0x000000008a800000)
 Metaspace       used 34574K, capacity 35138K, committed 35416K, reserved 1081344K
  class space    used 4308K, capacity 4476K, committed 4480K, reserved 1048576K
}
Event: 7.476 GC heap before
{Heap before GC invocations=8 (full 2):
 PSYoungGen      total 121856K, used 116736K [0x00000000d5f80000, 0x00000000dfb80000, 0x0000000100000000)
  eden space 116736K, 100% used [0x00000000d5f80000,0x00000000dd180000,0x00000000dd180000)
  from space 5120K, 0% used [0x00000000de180000,0x00000000de180000,0x00000000de680000)
  to   space 21504K, 0% used [0x00000000de680000,0x00000000de680000,0x00000000dfb80000)
 ParOldGen       total 141312K, used 33737K [0x0000000081e00000, 0x000000008a800000, 0x00000000d5f80000)
  object space 141312K, 23% used [0x0000000081e00000,0x0000000083ef2610,0x000000008a800000)
 Metaspace       used 46559K, capacity 47354K, committed 47832K, reserved 1091584K
  class space    used 5609K, capacity 5823K, committed 5888K, reserved 1048576K
Event: 7.500 GC heap after
Heap after GC invocations=8 (full 2):
 PSYoungGen      total 138240K, used 21479K [0x00000000d5f80000, 0x00000000dfb80000, 0x0000000100000000)
  eden space 116736K, 0% used [0x00000000d5f80000,0x00000000d5f80000,0x00000000dd180000)
  from space 21504K, 99% used [0x00000000de680000,0x00000000dfb79cf8,0x00000000dfb80000)
  to   space 5120K, 0% used [0x00000000de180000,0x00000000de180000,0x00000000de680000)
 ParOldGen       total 141312K, used 37203K [0x0000000081e00000, 0x000000008a800000, 0x00000000d5f80000)
  object space 141312K, 26% used [0x0000000081e00000,0x0000000084254de0,0x000000008a800000)
 Metaspace       used 46559K, capacity 47354K, committed 47832K, reserved 1091584K
  class space    used 5609K, capacity 5823K, committed 5888K, reserved 1048576K
}

