# JRE version: OpenJDK Runtime Environment (8.0_242-b01) (build 1.8.0_242-release-1644-b01)
# Java VM: OpenJDK 64-Bit Server VM (25.242-b01 mixed mode windows-amd64 compressed oops)
Heap:
 PSYoungGen      total 95232K, used 36347K [0x00000000d5f80000, 0x00000000dd400000, 0x0000000100000000)
  eden space 71680K, 17% used [0x00000000d5f80000,0x00000000d6c02520,0x00000000da580000)
  from space 23552K, 99% used [0x00000000da580000,0x00000000dbc7c748,0x00000000dbc80000)
  to   space 22016K, 0% used [0x00000000dbc80000,0x00000000dbc80000,0x00000000dd200000)
 ParOldGen       total 151552K, used 42045K [0x0000000081e00000, 0x000000008b200000, 0x00000000d5f80000)
  object space 151552K, 27% used [0x0000000081e00000,0x000000008470f710,0x000000008b200000)
 Metaspace       used 50999K, capacity 51940K, committed 52184K, reserved 1095680K
  class space    used 6106K, capacity 6360K, committed 6400K, reserved 1048576K
GC Heap History (10 events):
Event: 4.562 GC heap before
{Heap before GC invocations=7 (full 1):
 PSYoungGen      total 60416K, used 23914K [0x00000000d5f80000, 0x00000000dc280000, 0x0000000100000000)
  eden space 55296K, 34% used [0x00000000d5f80000,0x00000000d71dcd08,0x00000000d9580000)
  from space 5120K, 99% used [0x00000000da080000,0x00000000da57dc60,0x00000000da580000)
  to   space 23040K, 0% used [0x00000000dac00000,0x00000000dac00000,0x00000000dc280000)
 ParOldGen       total 96768K, used 33919K [0x0000000081e00000, 0x0000000087c80000, 0x00000000d5f80000)
  object space 96768K, 35% used [0x0000000081e00000,0x0000000083f1fda8,0x0000000087c80000)
 Metaspace       used 34528K, capacity 35074K, committed 35416K, reserved 1081344K
  class space    used 4308K, capacity 4476K, committed 4480K, reserved 1048576K
Event: 4.577 GC heap after
Heap after GC invocations=7 (full 1):
 PSYoungGen      total 79872K, used 10629K [0x00000000d5f80000, 0x00000000dd100000, 0x0000000100000000)
  eden space 56832K, 0% used [0x00000000d5f80000,0x00000000d5f80000,0x00000000d9700000)
  from space 23040K, 46% used [0x00000000dac00000,0x00000000db661700,0x00000000dc280000)
  to   space 21504K, 0% used [0x00000000d9700000,0x00000000d9700000,0x00000000dac00000)
 ParOldGen       total 96768K, used 33919K [0x0000000081e00000, 0x0000000087c80000, 0x00000000d5f80000)
  object space 96768K, 35% used [0x0000000081e00000,0x0000000083f1fda8,0x0000000087c80000)
 Metaspace       used 34528K, capacity 35074K, committed 35416K, reserved 1081344K
  class space    used 4308K, capacity 4476K, committed 4480K, reserved 1048576K
}
Event: 4.577 GC heap before
{Heap before GC invocations=8 (full 2):
 PSYoungGen      total 79872K, used 10629K [0x00000000d5f80000, 0x00000000dd100000, 0x0000000100000000)
  eden space 56832K, 0% used [0x00000000d5f80000,0x00000000d5f80000,0x00000000d9700000)
  from space 23040K, 46% used [0x00000000dac00000,0x00000000db661700,0x00000000dc280000)
  to   space 21504K, 0% used [0x00000000d9700000,0x00000000d9700000,0x00000000dac00000)
 ParOldGen       total 96768K, used 33919K [0x0000000081e00000, 0x0000000087c80000, 0x00000000d5f80000)
  object space 96768K, 35% used [0x0000000081e00000,0x0000000083f1fda8,0x0000000087c80000)
 Metaspace       used 34528K, capacity 35074K, committed 35416K, reserved 1081344K
  class space    used 4308K, capacity 4476K, committed 4480K, reserved 1048576K
Event: 4.708 GC heap after
Heap after GC invocations=8 (full 2):
 PSYoungGen      total 79872K, used 0K [0x00000000d5f80000, 0x00000000dd100000, 0x0000000100000000)
  eden space 56832K, 0% used [0x00000000d5f80000,0x00000000d5f80000,0x00000000d9700000)
  from space 23040K, 0% used [0x00000000dac00000,0x00000000dac00000,0x00000000dc280000)
  to   space 21504K, 0% used [0x00000000d9700000,0x00000000d9700000,0x00000000dac00000)
 ParOldGen       total 151552K, used 39134K [0x0000000081e00000, 0x000000008b200000, 0x00000000d5f80000)
  object space 151552K, 25% used [0x0000000081e00000,0x00000000844379a0,0x000000008b200000)
 Metaspace       used 34528K, capacity 35074K, committed 35416K, reserved 1081344K
  class space    used 4308K, capacity 4476K, committed 4480K, reserved 1048576K
}
Event: 6.105 GC heap before
{Heap before GC invocations=9 (full 2):
 PSYoungGen      total 79872K, used 56832K [0x00000000d5f80000, 0x00000000dd100000, 0x0000000100000000)
  eden space 56832K, 100% used [0x00000000d5f80000,0x00000000d9700000,0x00000000d9700000)
  from space 23040K, 0% used [0x00000000dac00000,0x00000000dac00000,0x00000000dc280000)
  to   space 21504K, 0% used [0x00000000d9700000,0x00000000d9700000,0x00000000dac00000)
 ParOldGen       total 151552K, used 39134K [0x0000000081e00000, 0x000000008b200000, 0x00000000d5f80000)
  object space 151552K, 25% used [0x0000000081e00000,0x00000000844379a0,0x000000008b200000)
 Metaspace       used 40540K, capacity 41192K, committed 41560K, reserved 1085440K
  class space    used 4965K, capacity 5150K, committed 5248K, reserved 1048576K
Event: 6.125 GC heap after
Heap after GC invocations=9 (full 2):
 PSYoungGen      total 78336K, used 15694K [0x00000000d5f80000, 0x00000000dd200000, 0x0000000100000000)
  eden space 56832K, 0% used [0x00000000d5f80000,0x00000000d5f80000,0x00000000d9700000)
  from space 21504K, 72% used [0x00000000d9700000,0x00000000da653818,0x00000000dac00000)
  to   space 22016K, 0% used [0x00000000dbc80000,0x00000000dbc80000,0x00000000dd200000)
 ParOldGen       total 151552K, used 39142K [0x0000000081e00000, 0x000000008b200000, 0x00000000d5f80000)
  object space 151552K, 25% used [0x0000000081e00000,0x00000000844399a0,0x000000008b200000)
 Metaspace       used 40540K, capacity 41192K, committed 41560K, reserved 1085440K
  class space    used 4965K, capacity 5150K, committed 5248K, reserved 1048576K
}
Event: 7.637 GC heap before
{Heap before GC invocations=10 (full 2):
 PSYoungGen      total 78336K, used 72526K [0x00000000d5f80000, 0x00000000dd200000, 0x0000000100000000)
  eden space 56832K, 100% used [0x00000000d5f80000,0x00000000d9700000,0x00000000d9700000)
  from space 21504K, 72% used [0x00000000d9700000,0x00000000da653818,0x00000000dac00000)
  to   space 22016K, 0% used [0x00000000dbc80000,0x00000000dbc80000,0x00000000dd200000)
 ParOldGen       total 151552K, used 39142K [0x0000000081e00000, 0x000000008b200000, 0x00000000d5f80000)
  object space 151552K, 25% used [0x0000000081e00000,0x00000000844399a0,0x000000008b200000)
 Metaspace       used 46173K, capacity 46910K, committed 47320K, reserved 1091584K
  class space    used 5555K, capacity 5761K, committed 5888K, reserved 1048576K
Event: 7.658 GC heap after
Heap after GC invocations=10 (full 2):
 PSYoungGen      total 93696K, used 18033K [0x00000000d5f80000, 0x00000000dd400000, 0x0000000100000000)
  eden space 71680K, 0% used [0x00000000d5f80000,0x00000000d5f80000,0x00000000da580000)
  from space 22016K, 81% used [0x00000000dbc80000,0x00000000dce1c540,0x00000000dd200000)
  to   space 23552K, 0% used [0x00000000da580000,0x00000000da580000,0x00000000dbc80000)
 ParOldGen       total 151552K, used 39150K [0x0000000081e00000, 0x000000008b200000, 0x00000000d5f80000)
  object space 151552K, 25% used [0x0000000081e00000,0x000000008443b9a0,0x000000008b200000)
 Metaspace       used 46173K, capacity 46910K, committed 47320K, reserved 1091584K
  class space    used 5555K, capacity 5761K, committed 5888K, reserved 1048576K
}
Event: 9.600 GC heap before
{Heap before GC invocations=11 (full 2):
 PSYoungGen      total 93696K, used 89713K [0x00000000d5f80000, 0x00000000dd400000, 0x0000000100000000)
  eden space 71680K, 100% used [0x00000000d5f80000,0x00000000da580000,0x00000000da580000)
  from space 22016K, 81% used [0x00000000dbc80000,0x00000000dce1c540,0x00000000dd200000)
  to   space 23552K, 0% used [0x00000000da580000,0x00000000da580000,0x00000000dbc80000)
 ParOldGen       total 151552K, used 39150K [0x0000000081e00000, 0x000000008b200000, 0x00000000d5f80000)
  object space 151552K, 25% used [0x0000000081e00000,0x000000008443b9a0,0x000000008b200000)
 Metaspace       used 50559K, capacity 51450K, committed 51928K, reserved 1095680K
  class space    used 6096K, capacity 6355K, committed 6400K, reserved 1048576K
Event: 9.647 GC heap after
Heap after GC invocations=11 (full 2):
 PSYoungGen      total 95232K, used 23537K [0x00000000d5f80000, 0x00000000dd400000, 0x0000000100000000)
  eden space 71680K, 0% used [0x00000000d5f80000,0x00000000d5f80000,0x00000000da580000)
  from space 23552K, 99% used [0x00000000da580000,0x00000000dbc7c748,0x00000000dbc80000)
  to   space 22016K, 0% used [0x00000000dbc80000,0x00000000dbc80000,0x00000000dd200000)
 ParOldGen       total 151552K, used 42045K [0x0000000081e00000, 0x000000008b200000, 0x00000000d5f80000)
  object space 151552K, 27% used [0x0000000081e00000,0x000000008470f710,0x000000008b200000)
 Metaspace       used 50559K, capacity 51450K, committed 51928K, reserved 1095680K
  class space    used 6096K, capacity 6355K, committed 6400K, reserved 1048576K
}

