# JRE version: OpenJDK Runtime Environment (8.0_242-b01) (build 1.8.0_242-release-1644-b01)
# Java VM: OpenJDK 64-Bit Server VM (25.242-b01 mixed mode windows-amd64 compressed oops)
Heap:
 PSYoungGen      total 102400K, used 49792K [0x00000000d5f80000, 0x00000000ddc00000, 0x0000000100000000)
  eden space 77312K, 31% used [0x00000000d5f80000,0x00000000d77a51c8,0x00000000dab00000)
  from space 25088K, 99% used [0x00000000dab00000,0x00000000dc37b190,0x00000000dc380000)
  to   space 23552K, 0% used [0x00000000dc380000,0x00000000dc380000,0x00000000dda80000)
 ParOldGen       total 148992K, used 41502K [0x0000000081e00000, 0x000000008af80000, 0x00000000d5f80000)
  object space 148992K, 27% used [0x0000000081e00000,0x0000000084687820,0x000000008af80000)
 Metaspace       used 53674K, capacity 54570K, committed 55000K, reserved 1097728K
  class space    used 6368K, capacity 6631K, committed 6656K, reserved 1048576K
GC Heap History (10 events):
Event: 4.422 GC heap before
{Heap before GC invocations=7 (full 1):
 PSYoungGen      total 63488K, used 20313K [0x00000000d5f80000, 0x00000000dc680000, 0x0000000100000000)
  eden space 58368K, 26% used [0x00000000d5f80000,0x00000000d6e5de88,0x00000000d9880000)
  from space 5120K, 99% used [0x00000000da080000,0x00000000da578880,0x00000000da580000)
  to   space 23552K, 0% used [0x00000000daf80000,0x00000000daf80000,0x00000000dc680000)
 ParOldGen       total 95744K, used 34871K [0x0000000081e00000, 0x0000000087b80000, 0x00000000d5f80000)
  object space 95744K, 36% used [0x0000000081e00000,0x000000008400dd98,0x0000000087b80000)
 Metaspace       used 34514K, capacity 35074K, committed 35416K, reserved 1081344K
  class space    used 4308K, capacity 4476K, committed 4480K, reserved 1048576K
Event: 4.435 GC heap after
Heap after GC invocations=7 (full 1):
 PSYoungGen      total 82944K, used 9696K [0x00000000d5f80000, 0x00000000dd980000, 0x0000000100000000)
  eden space 59392K, 0% used [0x00000000d5f80000,0x00000000d5f80000,0x00000000d9980000)
  from space 23552K, 41% used [0x00000000daf80000,0x00000000db8f80b0,0x00000000dc680000)
  to   space 22528K, 0% used [0x00000000d9980000,0x00000000d9980000,0x00000000daf80000)
 ParOldGen       total 95744K, used 34879K [0x0000000081e00000, 0x0000000087b80000, 0x00000000d5f80000)
  object space 95744K, 36% used [0x0000000081e00000,0x000000008400fd98,0x0000000087b80000)
 Metaspace       used 34514K, capacity 35074K, committed 35416K, reserved 1081344K
  class space    used 4308K, capacity 4476K, committed 4480K, reserved 1048576K
}
Event: 4.435 GC heap before
{Heap before GC invocations=8 (full 2):
 PSYoungGen      total 82944K, used 9696K [0x00000000d5f80000, 0x00000000dd980000, 0x0000000100000000)
  eden space 59392K, 0% used [0x00000000d5f80000,0x00000000d5f80000,0x00000000d9980000)
  from space 23552K, 41% used [0x00000000daf80000,0x00000000db8f80b0,0x00000000dc680000)
  to   space 22528K, 0% used [0x00000000d9980000,0x00000000d9980000,0x00000000daf80000)
 ParOldGen       total 95744K, used 34879K [0x0000000081e00000, 0x0000000087b80000, 0x00000000d5f80000)
  object space 95744K, 36% used [0x0000000081e00000,0x000000008400fd98,0x0000000087b80000)
 Metaspace       used 34514K, capacity 35074K, committed 35416K, reserved 1081344K
  class space    used 4308K, capacity 4476K, committed 4480K, reserved 1048576K
Event: 4.561 GC heap after
Heap after GC invocations=8 (full 2):
 PSYoungGen      total 82944K, used 0K [0x00000000d5f80000, 0x00000000dd980000, 0x0000000100000000)
  eden space 59392K, 0% used [0x00000000d5f80000,0x00000000d5f80000,0x00000000d9980000)
  from space 23552K, 0% used [0x00000000daf80000,0x00000000daf80000,0x00000000dc680000)
  to   space 22528K, 0% used [0x00000000d9980000,0x00000000d9980000,0x00000000daf80000)
 ParOldGen       total 148992K, used 39078K [0x0000000081e00000, 0x000000008af80000, 0x00000000d5f80000)
  object space 148992K, 26% used [0x0000000081e00000,0x00000000844299f0,0x000000008af80000)
 Metaspace       used 34514K, capacity 35074K, committed 35416K, reserved 1081344K
  class space    used 4308K, capacity 4476K, committed 4480K, reserved 1048576K
}
Event: 6.048 GC heap before
{Heap before GC invocations=9 (full 2):
 PSYoungGen      total 82944K, used 59392K [0x00000000d5f80000, 0x00000000dd980000, 0x0000000100000000)
  eden space 59392K, 100% used [0x00000000d5f80000,0x00000000d9980000,0x00000000d9980000)
  from space 23552K, 0% used [0x00000000daf80000,0x00000000daf80000,0x00000000dc680000)
  to   space 22528K, 0% used [0x00000000d9980000,0x00000000d9980000,0x00000000daf80000)
 ParOldGen       total 148992K, used 39078K [0x0000000081e00000, 0x000000008af80000, 0x00000000d5f80000)
  object space 148992K, 26% used [0x0000000081e00000,0x00000000844299f0,0x000000008af80000)
 Metaspace       used 40519K, capacity 41192K, committed 41560K, reserved 1085440K
  class space    used 4963K, capacity 5150K, committed 5248K, reserved 1048576K
Event: 6.072 GC heap after
Heap after GC invocations=9 (full 2):
 PSYoungGen      total 81920K, used 17132K [0x00000000d5f80000, 0x00000000dda80000, 0x0000000100000000)
  eden space 59392K, 0% used [0x00000000d5f80000,0x00000000d5f80000,0x00000000d9980000)
  from space 22528K, 76% used [0x00000000d9980000,0x00000000daa3b368,0x00000000daf80000)
  to   space 23552K, 0% used [0x00000000dc380000,0x00000000dc380000,0x00000000dda80000)
 ParOldGen       total 148992K, used 39078K [0x0000000081e00000, 0x000000008af80000, 0x00000000d5f80000)
  object space 148992K, 26% used [0x0000000081e00000,0x00000000844299f0,0x000000008af80000)
 Metaspace       used 40519K, capacity 41192K, committed 41560K, reserved 1085440K
  class space    used 4963K, capacity 5150K, committed 5248K, reserved 1048576K
}
Event: 8.009 GC heap before
{Heap before GC invocations=10 (full 2):
 PSYoungGen      total 81920K, used 76524K [0x00000000d5f80000, 0x00000000dda80000, 0x0000000100000000)
  eden space 59392K, 100% used [0x00000000d5f80000,0x00000000d9980000,0x00000000d9980000)
  from space 22528K, 76% used [0x00000000d9980000,0x00000000daa3b368,0x00000000daf80000)
  to   space 23552K, 0% used [0x00000000dc380000,0x00000000dc380000,0x00000000dda80000)
 ParOldGen       total 148992K, used 39078K [0x0000000081e00000, 0x000000008af80000, 0x00000000d5f80000)
  object space 148992K, 26% used [0x0000000081e00000,0x00000000844299f0,0x000000008af80000)
 Metaspace       used 47803K, capacity 48616K, committed 49112K, reserved 1091584K
  class space    used 5846K, capacity 6068K, committed 6144K, reserved 1048576K
Event: 8.036 GC heap after
Heap after GC invocations=10 (full 2):
 PSYoungGen      total 100864K, used 19586K [0x00000000d5f80000, 0x00000000ddc00000, 0x0000000100000000)
  eden space 77312K, 0% used [0x00000000d5f80000,0x00000000d5f80000,0x00000000dab00000)
  from space 23552K, 83% used [0x00000000dc380000,0x00000000dd6a0838,0x00000000dda80000)
  to   space 25088K, 0% used [0x00000000dab00000,0x00000000dab00000,0x00000000dc380000)
 ParOldGen       total 148992K, used 39086K [0x0000000081e00000, 0x000000008af80000, 0x00000000d5f80000)
  object space 148992K, 26% used [0x0000000081e00000,0x000000008442b9f0,0x000000008af80000)
 Metaspace       used 47803K, capacity 48616K, committed 49112K, reserved 1091584K
  class space    used 5846K, capacity 6068K, committed 6144K, reserved 1048576K
}
Event: 10.565 GC heap before
{Heap before GC invocations=11 (full 2):
 PSYoungGen      total 100864K, used 96898K [0x00000000d5f80000, 0x00000000ddc00000, 0x0000000100000000)
  eden space 77312K, 100% used [0x00000000d5f80000,0x00000000dab00000,0x00000000dab00000)
  from space 23552K, 83% used [0x00000000dc380000,0x00000000dd6a0838,0x00000000dda80000)
  to   space 25088K, 0% used [0x00000000dab00000,0x00000000dab00000,0x00000000dc380000)
 ParOldGen       total 148992K, used 39086K [0x0000000081e00000, 0x000000008af80000, 0x00000000d5f80000)
  object space 148992K, 26% used [0x0000000081e00000,0x000000008442b9f0,0x000000008af80000)
 Metaspace       used 51033K, capacity 51972K, committed 52184K, reserved 1095680K
  class space    used 6128K, capacity 6392K, committed 6400K, reserved 1048576K
Event: 10.615 GC heap after
Heap after GC invocations=11 (full 2):
 PSYoungGen      total 102400K, used 25068K [0x00000000d5f80000, 0x00000000ddc00000, 0x0000000100000000)
  eden space 77312K, 0% used [0x00000000d5f80000,0x00000000d5f80000,0x00000000dab00000)
  from space 25088K, 99% used [0x00000000dab00000,0x00000000dc37b190,0x00000000dc380000)
  to   space 23552K, 0% used [0x00000000dc380000,0x00000000dc380000,0x00000000dda80000)
 ParOldGen       total 148992K, used 41502K [0x0000000081e00000, 0x000000008af80000, 0x00000000d5f80000)
  object space 148992K, 27% used [0x0000000081e00000,0x0000000084687820,0x000000008af80000)
 Metaspace       used 51033K, capacity 51972K, committed 52184K, reserved 1095680K
  class space    used 6128K, capacity 6392K, committed 6400K, reserved 1048576K
}

